<testsuites id="" name="" tests="17" failures="0" skipped="0" errors="0" time="53.536280999999995">
<testsuite name="login.spec.ts" timestamp="2026-08-21T06:55:12.142Z" hostname="" tests="1" failures="0" skipped="0" time="16.455" errors="0">
<testcase name="homepage has Playwright in title" classname="login.spec.ts" time="16.455">
<system-out>
<![CDATA[[
  [32m'Test.allTheThings() T-Shirt (Red)'[39m,
  [32m'Sauce Labs Onesie'[39m,
  [32m'Sauce Labs Fleece Jacket'[39m,
  [32m'Sauce Labs Bolt T-Shirt'[39m,
  [32m'Sauce Labs Bike Light'[39m,
  [32m'Sauce Labs Backpack'[39m
]
[
  [32m'Sauce Labs Backpack'[39m,
  [32m'Sauce Labs Bike Light'[39m,
  [32m'Sauce Labs Bolt T-Shirt'[39m,
  [32m'Sauce Labs Fleece Jacket'[39m,
  [32m'Sauce Labs Onesie'[39m,
  [32m'Test.allTheThings() T-Shirt (Red)'[39m
]
0 Not matched

[[ATTACHMENT|test-results\login-homepage-has-Playwright-in-title\test-finished-1.png]]
]]>
</system-out>
</testcase>
</testsuite>
<testsuite name="practice_2.spec.ts" timestamp="2026-08-21T06:55:12.142Z" hostname="" tests="12" failures="0" skipped="0" time="52.329" errors="0">
<testcase name="Date handling › Date handling" classname="practice_2.spec.ts" time="10.591">
<system-out>
<![CDATA[Before tests

[[ATTACHMENT|test-results\practice_2-Date-handling-Date-handling\test-finished-1.png]]
]]>
</system-out>
</testcase>
<testcase name="Date handling › file upload" classname="practice_2.spec.ts" time="3.24">
<system-out>
<![CDATA[Before tests

[[ATTACHMENT|test-results\practice_2-Date-handling-file-upload\test-finished-1.png]]
]]>
</system-out>
</testcase>
<testcase name="Date handling › Table" classname="practice_2.spec.ts" time="5.239">
<system-out>
<![CDATA[Before tests
[
  { bookname: [32m''[39m, author: [32m''[39m, subject: [32m''[39m, price: [32m''[39m },
  {
    bookname: [32m'Learn Selenium'[39m,
    author: [32m'Amit'[39m,
    subject: [32m'Selenium'[39m,
    price: [32m'300'[39m
  },
  {
    bookname: [32m'Learn Java'[39m,
    author: [32m'Mukesh'[39m,
    subject: [32m'Java'[39m,
    price: [32m'500'[39m
  },
  {
    bookname: [32m'Learn JS'[39m,
    author: [32m'Animesh'[39m,
    subject: [32m'Javascript'[39m,
    price: [32m'300'[39m
  },
  {
    bookname: [32m'Master In Selenium'[39m,
    author: [32m'Mukesh'[39m,
    subject: [32m'Selenium'[39m,
    price: [32m'3000'[39m
  },
  {
    bookname: [32m'Master In Java'[39m,
    author: [32m'Amod'[39m,
    subject: [32m'JAVA'[39m,
    price: [32m'2000'[39m
  },
  {
    bookname: [32m'Master In JS'[39m,
    author: [32m'Amit'[39m,
    subject: [32m'Javascript'[39m,
    price: [32m'1000'[39m
  }
]
[
  {
    bookname: [32m'Learn Java'[39m,
    author: [32m'Mukesh'[39m,
    subject: [32m'Java'[39m,
    price: [32m'500'[39m
  },
  {
    bookname: [32m'Master In Selenium'[39m,
    author: [32m'Mukesh'[39m,
    subject: [32m'Selenium'[39m,
    price: [32m'3000'[39m
  }
]

[[ATTACHMENT|test-results\practice_2-Date-handling-Table\test-finished-1.png]]
]]>
</system-out>
</testcase>
<testcase name="Date handling › Dynamic table" classname="practice_2.spec.ts" time="2.548">
<system-out>
<![CDATA[Before tests
[
  { Name: [32m''[39m, Network: [32m''[39m, Disk: [32m''[39m, Cpu: [32m''[39m, Memory: [32m''[39m },
  {
    Name: [32m'Internet Explorer'[39m,
    Network: [32m'3.5%'[39m,
    Disk: [32m'93.3 MB'[39m,
    Cpu: [32m'0.80 MB/s'[39m,
    Memory: [32m'3.3 Mbps'[39m
  },
  {
    Name: [32m'Chrome'[39m,
    Network: [32m'9.6%'[39m,
    Disk: [32m'39.4 MB'[39m,
    Cpu: [32m'0.52 MB/s'[39m,
    Memory: [32m'5.0 Mbps'[39m
  },
  {
    Name: [32m'Firefox'[39m,
    Network: [32m'0.3%'[39m,
    Disk: [32m'93.9 MB'[39m,
    Cpu: [32m'0.40 MB/s'[39m,
    Memory: [32m'8.8 Mbps'[39m
  },
  {
    Name: [32m'System'[39m,
    Network: [32m'8.1%'[39m,
    Disk: [32m'85.0 MB'[39m,
    Cpu: [32m'0.31 MB/s'[39m,
    Memory: [32m'1.3 Mbps'[39m
  }
]

[[ATTACHMENT|test-results\practice_2-Date-handling-Dynamic-table\test-finished-1.png]]
]]>
</system-out>
</testcase>
<testcase name="Date handling › wiki" classname="practice_2.spec.ts" time="4.05">
<system-out>
<![CDATA[Before tests
[
  [32m'Google'[39m,
  [32m'Google Chrome'[39m,
  [32m'Google Search'[39m,
  [32m'Google Maps'[39m,
  [32m'Google Play'[39m
]

[[ATTACHMENT|test-results\practice_2-Date-handling-wiki\test-finished-1.png]]
]]>
</system-out>
</testcase>
<testcase name="Date handling › dynamic button" classname="practice_2.spec.ts" time="3.303">
<system-out>
<![CDATA[Before tests

[[ATTACHMENT|test-results\practice_2-Date-handling-dynamic-button\test-finished-1.png]]
]]>
</system-out>
</testcase>
<testcase name="Date handling › promp" classname="practice_2.spec.ts" time="5.111">
<system-out>
<![CDATA[Before tests

[[ATTACHMENT|test-results\practice_2-Date-handling-promp\test-finished-1.png]]
]]>
</system-out>
</testcase>
<testcase name="Date handling › newtab" classname="practice_2.spec.ts" time="4.078">
<system-out>
<![CDATA[Before tests


[[ATTACHMENT|test-results\practice_2-Date-handling-newtab\test-finished-1.png]]

[[ATTACHMENT|test-results\practice_2-Date-handling-newtab\test-finished-2.png]]
]]>
</system-out>
</testcase>
<testcase name="Date handling › hover" classname="practice_2.spec.ts" time="3.466">
<system-out>
<![CDATA[Before tests

[[ATTACHMENT|test-results\practice_2-Date-handling-hover\test-finished-1.png]]
]]>
</system-out>
</testcase>
<testcase name="Date handling › drag" classname="practice_2.spec.ts" time="3.878">
<system-out>
<![CDATA[Before tests

[[ATTACHMENT|test-results\practice_2-Date-handling-drag\test-finished-1.png]]
]]>
</system-out>
</testcase>
<testcase name="Date handling › uislider" classname="practice_2.spec.ts" time="3.81">
<system-out>
<![CDATA[Before tests

[[ATTACHMENT|test-results\practice_2-Date-handling-uislider\test-finished-1.png]]
]]>
</system-out>
</testcase>
<testcase name="Date handling › scrolldrop" classname="practice_2.spec.ts" time="3.015">
<system-out>
<![CDATA[Before tests

[[ATTACHMENT|test-results\practice_2-Date-handling-scrolldrop\test-finished-1.png]]
]]>
</system-out>
</testcase>
</testsuite>
<testsuite name="practice_all.spec.ts" timestamp="2026-08-21T06:55:12.142Z" hostname="" tests="1" failures="0" skipped="0" time="24.894" errors="0">
<testcase name="test everything" classname="practice_all.spec.ts" time="24.894">
<system-out>
<![CDATA[[33mfalse[39m
[33mtrue[39m

      
        Cat
      
      
        Cheetah
      
      
        Deer
      
      
        Dog
      
      
        Elephant
      
      
        Fox
      
      
        Giraffe
      
      
        Lion
      
      
        Rabbit
      
      
        Zebra
      
     is matched with sorted list of 
      
        Cat
      
      
        Cheetah
      
      
        Deer
      
      
        Dog
      
      
        Elephant
      
      
        Fox
      
      
        Giraffe
      
      
        Lion
      
      
        Rabbit
      
      
        Zebra
      
    
**  August
** 2026
April 2027
Month : April Year : 2027

[[ATTACHMENT|test-results\practice_all-test-everything\test-finished-1.png]]
]]>
</system-out>
</testcase>
</testsuite>
<testsuite name="practice_prompts.spec.ts" timestamp="2026-08-21T06:55:12.142Z" hostname="" tests="1" failures="0" skipped="0" time="10.807" errors="0">
<testcase name=" Pratice on playwright" classname="practice_prompts.spec.ts" time="10.807">
<system-out>
<![CDATA[Automation Testing Practice

[[ATTACHMENT|test-results\practice_prompts--Pratice-on-playwright\test-finished-1.png]]
]]>
</system-out>
</testcase>
</testsuite>
<testsuite name="practice_tabs.spec.ts" timestamp="2026-08-21T06:55:12.142Z" hostname="" tests="1" failures="0" skipped="0" time="6.563" errors="0">
<testcase name="tabs " classname="practice_tabs.spec.ts" time="6.563">
<system-out>
<![CDATA[New Tab Title: SDET-QA Blog
]]>
</system-out>
</testcase>
</testsuite>
<testsuite name="practice.spec.ts" timestamp="2026-08-21T06:55:12.142Z" hostname="" tests="1" failures="0" skipped="0" time="18.229" errors="0">
<testcase name=" Pratice on playwright" classname="practice.spec.ts" time="18.229">
<system-out>
<![CDATA[Automation Testing Practice
[
  locator('//div[@id=\'laptops\'] //a').first(),
  locator('//div[@id=\'laptops\'] //a').nth(1),
  locator('//div[@id=\'laptops\'] //a').nth(2)
]

[[ATTACHMENT|test-results\practice--Pratice-on-playwright\test-finished-1.png]]
]]>
</system-out>
</testcase>
</testsuite>
</testsuites>